[2018-03-24 05:17:47 +0000] [7] [INFO] Starting gunicorn 19.7.1
[2018-03-24 05:17:47 +0000] [7] [INFO] Listening at: http://0.0.0.0:5005 (7)
[2018-03-24 05:17:47 +0000] [7] [INFO] Using worker: gevent
[2018-03-24 05:17:47 +0000] [10] [INFO] Booting worker with pid: 10
[2018-03-24 05:17:47 +0000] [11] [INFO] Booting worker with pid: 11
[2018-03-24 05:17:47 +0000] [12] [INFO] Booting worker with pid: 12
[2018-03-24 05:17:47 +0000] [13] [INFO] Booting worker with pid: 13
[2018-03-24 05:35:16 +0000] [7] [INFO] Handling signal: term
[2018-03-24 05:35:17 +0000] [13] [INFO] Worker exiting (pid: 13)
[2018-03-24 05:35:17 +0000] [10] [INFO] Worker exiting (pid: 10)
[2018-03-24 05:35:17 +0000] [11] [INFO] Worker exiting (pid: 11)
[2018-03-24 05:35:17 +0000] [12] [INFO] Worker exiting (pid: 12)
[2018-03-24 05:35:17 +0000] [7] [INFO] Shutting down: Master
[2018-03-24 05:35:37 +0000] [8] [INFO] Starting gunicorn 19.7.1
[2018-03-24 05:35:37 +0000] [8] [INFO] Listening at: http://0.0.0.0:5005 (8)
[2018-03-24 05:35:37 +0000] [8] [INFO] Using worker: gevent
[2018-03-24 05:35:37 +0000] [11] [INFO] Booting worker with pid: 11
[2018-03-24 05:35:37 +0000] [12] [INFO] Booting worker with pid: 12
[2018-03-24 05:35:37 +0000] [13] [INFO] Booting worker with pid: 13
[2018-03-24 05:35:37 +0000] [14] [INFO] Booting worker with pid: 14
[2018-03-24 08:37:19 +0000] [8] [INFO] Handling signal: term
[2018-03-24 08:37:19 +0000] [13] [INFO] Worker exiting (pid: 13)
[2018-03-24 08:37:19 +0000] [11] [INFO] Worker exiting (pid: 11)
[2018-03-24 08:37:19 +0000] [14] [INFO] Worker exiting (pid: 14)
[2018-03-24 08:37:19 +0000] [12] [INFO] Worker exiting (pid: 12)
[2018-03-24 08:37:20 +0000] [8] [INFO] Shutting down: Master
[2018-03-24 08:37:41 +0000] [7] [INFO] Starting gunicorn 19.7.1
[2018-03-24 08:37:41 +0000] [7] [INFO] Listening at: http://0.0.0.0:5005 (7)
[2018-03-24 08:37:41 +0000] [7] [INFO] Using worker: gevent
[2018-03-24 08:37:41 +0000] [10] [INFO] Booting worker with pid: 10
[2018-03-24 08:37:41 +0000] [11] [INFO] Booting worker with pid: 11
[2018-03-24 08:37:41 +0000] [12] [INFO] Booting worker with pid: 12
[2018-03-24 08:37:42 +0000] [13] [INFO] Booting worker with pid: 13
[2018-03-24 08:37:49 +0000] [7] [INFO] Handling signal: term
[2018-03-24 08:37:49 +0000] [11] [INFO] Worker exiting (pid: 11)
[2018-03-24 08:37:49 +0000] [10] [INFO] Worker exiting (pid: 10)
[2018-03-24 08:37:49 +0000] [12] [INFO] Worker exiting (pid: 12)
[2018-03-24 08:37:49 +0000] [13] [INFO] Worker exiting (pid: 13)
[2018-03-24 08:37:50 +0000] [7] [INFO] Shutting down: Master
[2018-03-24 08:38:00 +0000] [8] [INFO] Starting gunicorn 19.7.1
[2018-03-24 08:38:00 +0000] [8] [INFO] Listening at: http://0.0.0.0:5005 (8)
[2018-03-24 08:38:00 +0000] [8] [INFO] Using worker: gevent
[2018-03-24 08:38:00 +0000] [11] [INFO] Booting worker with pid: 11
[2018-03-24 08:38:01 +0000] [12] [INFO] Booting worker with pid: 12
[2018-03-24 08:38:01 +0000] [13] [INFO] Booting worker with pid: 13
[2018-03-24 08:38:01 +0000] [14] [INFO] Booting worker with pid: 14
[2018-03-24 08:38:08 +0000] [8] [INFO] Handling signal: term
[2018-03-24 08:38:09 +0000] [11] [INFO] Worker exiting (pid: 11)
[2018-03-24 08:38:09 +0000] [12] [INFO] Worker exiting (pid: 12)
[2018-03-24 08:38:09 +0000] [13] [INFO] Worker exiting (pid: 13)
[2018-03-24 08:38:09 +0000] [14] [INFO] Worker exiting (pid: 14)
[2018-03-24 08:38:09 +0000] [8] [INFO] Shutting down: Master
[2018-03-24 08:39:26 +0000] [7] [INFO] Starting gunicorn 19.7.1
[2018-03-24 08:39:26 +0000] [7] [INFO] Listening at: http://0.0.0.0:5005 (7)
[2018-03-24 08:39:26 +0000] [7] [INFO] Using worker: gevent
[2018-03-24 08:39:26 +0000] [10] [INFO] Booting worker with pid: 10
[2018-03-24 08:39:26 +0000] [11] [INFO] Booting worker with pid: 11
[2018-03-24 08:39:26 +0000] [12] [INFO] Booting worker with pid: 12
[2018-03-24 08:39:26 +0000] [13] [INFO] Booting worker with pid: 13
[2018-03-24 08:39:31 +0000] [7] [INFO] Handling signal: term
[2018-03-24 08:39:31 +0000] [11] [INFO] Worker exiting (pid: 11)
[2018-03-24 08:39:31 +0000] [10] [INFO] Worker exiting (pid: 10)
[2018-03-24 08:51:44 +0000] [7] [INFO] Starting gunicorn 19.7.1
[2018-03-24 08:51:44 +0000] [7] [INFO] Listening at: http://0.0.0.0:5005 (7)
[2018-03-24 08:51:44 +0000] [7] [INFO] Using worker: gevent
[2018-03-24 08:51:44 +0000] [10] [INFO] Booting worker with pid: 10
[2018-03-24 08:51:44 +0000] [11] [INFO] Booting worker with pid: 11
[2018-03-24 08:51:44 +0000] [12] [INFO] Booting worker with pid: 12
[2018-03-24 08:51:44 +0000] [13] [INFO] Booting worker with pid: 13
[2018-03-24 08:51:56 +0000] [7] [INFO] Handling signal: term
[2018-03-24 08:51:56 +0000] [11] [INFO] Worker exiting (pid: 11)
[2018-03-24 08:51:56 +0000] [10] [INFO] Worker exiting (pid: 10)
[2018-03-24 08:51:56 +0000] [12] [INFO] Worker exiting (pid: 12)
[2018-03-24 08:51:56 +0000] [13] [INFO] Worker exiting (pid: 13)
[2018-03-24 08:51:57 +0000] [7] [INFO] Shutting down: Master
[2018-03-24 08:55:30 +0000] [7] [INFO] Starting gunicorn 19.7.1
[2018-03-24 08:55:30 +0000] [7] [INFO] Listening at: http://0.0.0.0:5005 (7)
[2018-03-24 08:55:30 +0000] [7] [INFO] Using worker: gevent
[2018-03-24 08:55:30 +0000] [10] [INFO] Booting worker with pid: 10
[2018-03-24 08:55:30 +0000] [11] [INFO] Booting worker with pid: 11
[2018-03-24 08:55:30 +0000] [12] [INFO] Booting worker with pid: 12
[2018-03-24 08:55:31 +0000] [13] [INFO] Booting worker with pid: 13
